<?xml version="1.0" encoding="UTF-8"?>
<!-- Generated by org.testng.reporters.JUnitReportReporter -->
<testsuite skipped="0" hostname="CP-L29" name="Deepdive.QardyTestCasesT1.OpenLoginPage" tests="2" failures="0" timestamp="2022-11-27T11:46:52 EET" time="0.314" errors="0">
  <testcase name="openLoginPage" time="0.112" classname="Deepdive.QardyTestCasesT1.OpenLoginPage"/>
  <system-out/>
  <testcase name="FindAllLinksInPageLogin" time="0.202" classname="Deepdive.QardyTestCasesT1.OpenLoginPage"/>
  <system-out/>
</testsuite> <!-- Deepdive.QardyTestCasesT1.OpenLoginPage -->
