<?xml version="1.0" encoding="UTF-8"?>
<!-- Generated by org.testng.reporters.JUnitReportReporter -->
<testsuite skipped="1" hostname="CP-L29" name="Deepdive.QardyTestCasesT1.LoginPageTest" tests="2" failures="0" timestamp="2022-12-07T15:20:44 EET" time="0.497" errors="0">
  <testcase name="userCanotLoginsuccessfully" time="0.497" classname="Deepdive.QardyTestCasesT1.LoginPageTest"/>
  <system-out/>
  <testcase name="userCanLoginsuccessfully" classname="Deepdive.QardyTestCasesT1.LoginPageTest">
    <skipped/>
  </testcase> <!-- userCanLoginsuccessfully -->
  <system-out/>
</testsuite> <!-- Deepdive.QardyTestCasesT1.LoginPageTest -->
