<?xml version="1.0" encoding="UTF-8"?>
<!-- Generated by org.testng.reporters.JUnitReportReporter -->
<testsuite skipped="0" hostname="CP-L29" name="runner.TestRunner" tests="4" failures="0" timestamp="2022-12-25T16:25:15 EET" time="82.400" errors="0">
  <testcase name="runScenario" time="8.494" classname="runner.TestRunner"/>
  <system-out/>
  <testcase name="runScenario" time="8.664" classname="runner.TestRunner"/>
  <system-out/>
  <testcase name="runScenario" time="55.057" classname="runner.TestRunner"/>
  <system-out/>
  <testcase name="runScenario" time="10.185" classname="runner.TestRunner"/>
  <system-out/>
</testsuite> <!-- runner.TestRunner -->
